#
# There is insufficient memory for the Java Runtime Environment to continue.
# Native memory allocation (mmap) failed to map 67108864 bytes. Error detail: G1 virtual space
# Possible reasons:
#   The system is out of physical RAM or swap space
#   This process is running with CompressedOops enabled, and the Java Heap may be blocking the growth of the native heap
# Possible solutions:
#   Reduce memory load on the system
#   Increase physical memory or swap space
#   Check if swap backing store is full
#   Decrease Java heap size (-Xmx/-Xms)
#   Decrease number of Java threads
#   Decrease Java thread stack sizes (-Xss)
#   Set larger code cache with -XX:ReservedCodeCacheSize=
#   JVM is running with Unscaled Compressed Oops mode in which the Java heap is
#     placed in the first 4GB address space. The Java Heap base address is the
#     maximum limit for the native heap growth. Please use -XX:HeapBaseMinAddress
#     to set the Java Heap base and to place the Java Heap above 4GB virtual address.
# This output file may be truncated or incomplete.
#
#  Out of Memory Error (os_windows.cpp:3825), pid=13728, tid=13528
#
# JRE version:  (17.0.11+1) (build )
# Java VM: OpenJDK 64-Bit Server VM (17.0.11+1-b1207.24, mixed mode, sharing, tiered, compressed oops, compressed class ptrs, g1 gc, windows-amd64)
# No core dump will be written. Minidumps are not enabled by default on client versions of Windows
#

---------------  S U M M A R Y ------------

Command Line: git4idea.http.GitAskPassApp Username for 'https://github.com': 

Host: Intel(R) Core(TM) i3-7100U CPU @ 2.40GHz, 4 cores, 3G,  Windows 10 , 64 bit Build 19041 (10.0.19041.3636)
Time: Sun Sep  8 00:11:31 2024 India Standard Time elapsed time: 0.533619 seconds (0d 0h 0m 0s)

---------------  T H R E A D  ---------------

Current thread (0x00000143709de150):  JavaThread "Unknown thread" [_thread_in_vm, id=13528, stack(0x0000002f4ac00000,0x0000002f4ad00000)]

Stack: [0x0000002f4ac00000,0x0000002f4ad00000]
Native frames: (J=compiled Java code, j=interpreted, Vv=VM code, C=native code)
V  [jvm.dll+0x6877f9]
V  [jvm.dll+0x8411aa]
V  [jvm.dll+0x842e2e]
V  [jvm.dll+0x843493]
V  [jvm.dll+0x249fdf]
V  [jvm.dll+0x6845c9]
V  [jvm.dll+0x678e7a]
V  [jvm.dll+0x30ab4b]
V  [jvm.dll+0x311ff6]
V  [jvm.dll+0x361a5e]
V  [jvm.dll+0x361c8f]
V  [jvm.dll+0x2e0978]
V  [jvm.dll+0x2e18e4]
V  [jvm.dll+0x811c71]
V  [jvm.dll+0x36f7c8]
V  [jvm.dll+0x7f05f6]
V  [jvm.dll+0x3f398f]
V  [jvm.dll+0x3f5541]
C  [jli.dll+0x528f]
C  [ucrtbase.dll+0x21bb2]
C  [KERNEL32.DLL+0x17344]
C  [ntdll.dll+0x4cc91]


---------------  P R O C E S S  ---------------

Threads class SMR info:
_java_thread_list=0x00007ffce8deefd8, length=0, elements={
}

Java Threads: ( => current thread )

Other Threads:
  0x0000014370a18980 GCTaskThread "GC Thread#0" [stack: 0x0000002f4ad00000,0x0000002f4ae00000] [id=9484]
  0x0000014370a215d0 ConcurrentGCThread "G1 Main Marker" [stack: 0x0000002f4ae00000,0x0000002f4af00000] [id=12232]
  0x0000014370a21ff0 ConcurrentGCThread "G1 Conc#0" [stack: 0x0000002f4af00000,0x0000002f4b000000] [id=11644]

[error occurred during error reporting (printing all threads), id 0xc0000005, EXCEPTION_ACCESS_VIOLATION (0xc0000005) at pc=0x00007ffce85a1547]

VM state: not at safepoint (not fully initialized)

VM Mutex/Monitor currently owned by a thread:  ([mutex/lock_event])
[0x00000143709d8060] Heap_lock - owner thread: 0x00000143709de150

Heap address: 0x00000000c1800000, size: 1000 MB, Compressed Oops mode: 32-bit

CDS archive(s) mapped at: [0x0000000000000000-0x0000000000000000-0x0000000000000000), size 0, SharedBaseAddress: 0x0000000800000000, ArchiveRelocationMode: 1.
Narrow klass base: 0x0000000000000000, Narrow klass shift: 0, Narrow klass range: 0x0

GC Precious Log:
<Empty>

Heap:
 garbage-first heap   total 0K, used 0K [0x00000000c1800000, 0x0000000100000000)
  region size 1024K, 0 young (0K), 0 survivors (0K)
 Metaspace       used 0K, committed 0K, reserved 0K
  class space    used 0K, committed 0K, reserved 0K

Heap Regions: E=young(eden), S=young(survivor), O=old, HS=humongous(starts), HC=humongous(continues), CS=collection set, F=free, OA=open archive, CA=closed archive, TAMS=top-at-mark-start (previous, next)

Card table byte_map: [0x00000143761a0000,0x00000143763a0000] _byte_map_base: 0x0000014375b94000

Marking Bits (Prev, Next): (CMBitMap*) 0x0000014370a18fa0, (CMBitMap*) 0x0000014370a18fe0
 Prev Bits: [0x00000143765a0000, 0x0000014377540000)
 Next Bits: [0x0000014377540000, 0x00000143784e0000)

GC Heap History (0 events):
No events

Dll operation events (1 events):
Event: 0.483 Loaded shared library C:\Program Files\JetBrains\IntelliJ IDEA Community Edition 2024.1.4\jbr\bin\java.dll

Deoptimization events (0 events):
No events

Classes unloaded (0 events):
No events

Classes redefined (0 events):
No events

Internal exceptions (0 events):
No events

VM Operations (0 events):
No events

Events (0 events):
No events


Dynamic libraries:
0x00007ff608ad0000 - 0x00007ff608ada000 	C:\Program Files\JetBrains\IntelliJ IDEA Community Edition 2024.1.4\jbr\bin\java.exe
0x00007ffd2a5f0000 - 0x00007ffd2a7e8000 	C:\Windows\SYSTEM32\ntdll.dll
0x00007ffd288a0000 - 0x00007ffd2895d000 	C:\Windows\System32\KERNEL32.DLL
0x00007ffd27f50000 - 0x00007ffd28246000 	C:\Windows\System32\KERNELBASE.dll
0x00007ffd283c0000 - 0x00007ffd284c0000 	C:\Windows\System32\ucrtbase.dll
0x00007ffd209f0000 - 0x00007ffd20a0b000 	C:\Program Files\JetBrains\IntelliJ IDEA Community Edition 2024.1.4\jbr\bin\VCRUNTIME140.dll
0x00007ffd0f220000 - 0x00007ffd0f237000 	C:\Program Files\JetBrains\IntelliJ IDEA Community Edition 2024.1.4\jbr\bin\jli.dll
0x00007ffd29850000 - 0x00007ffd299ef000 	C:\Windows\System32\USER32.dll
0x00007ffd28570000 - 0x00007ffd28592000 	C:\Windows\System32\win32u.dll
0x00007ffd100a0000 - 0x00007ffd1033a000 	C:\Windows\WinSxS\amd64_microsoft.windows.common-controls_6595b64144ccf1df_6.0.19041.4355_none_60b8b9eb71f62e16\COMCTL32.dll
0x00007ffd29e70000 - 0x00007ffd29e9b000 	C:\Windows\System32\GDI32.dll
0x00007ffd29740000 - 0x00007ffd297de000 	C:\Windows\System32\msvcrt.dll
0x00007ffd28250000 - 0x00007ffd28367000 	C:\Windows\System32\gdi32full.dll
0x00007ffd27e10000 - 0x00007ffd27ead000 	C:\Windows\System32\msvcp_win.dll
0x00007ffd28ae0000 - 0x00007ffd28b0f000 	C:\Windows\System32\IMM32.DLL
0x00007ffd23e60000 - 0x00007ffd23e6c000 	C:\Program Files\JetBrains\IntelliJ IDEA Community Edition 2024.1.4\jbr\bin\vcruntime140_1.dll
0x00007ffd0e410000 - 0x00007ffd0e49d000 	C:\Program Files\JetBrains\IntelliJ IDEA Community Edition 2024.1.4\jbr\bin\msvcp140.dll
0x00007ffce82b0000 - 0x00007ffce8f33000 	C:\Program Files\JetBrains\IntelliJ IDEA Community Edition 2024.1.4\jbr\bin\server\jvm.dll
0x00007ffd28710000 - 0x00007ffd287c0000 	C:\Windows\System32\ADVAPI32.dll
0x00007ffd292e0000 - 0x00007ffd29380000 	C:\Windows\System32\sechost.dll
0x00007ffd2a1b0000 - 0x00007ffd2a2d3000 	C:\Windows\System32\RPCRT4.dll
0x00007ffd27f20000 - 0x00007ffd27f47000 	C:\Windows\System32\bcrypt.dll
0x00007ffd23840000 - 0x00007ffd23849000 	C:\Windows\SYSTEM32\WSOCK32.dll
0x00007ffd27230000 - 0x00007ffd2727b000 	C:\Windows\SYSTEM32\POWRPROF.dll
0x00007ffd297e0000 - 0x00007ffd2984b000 	C:\Windows\System32\WS2_32.dll
0x00007ffd0ee80000 - 0x00007ffd0eea7000 	C:\Windows\SYSTEM32\WINMM.dll
0x00007ffd1ecc0000 - 0x00007ffd1ecca000 	C:\Windows\SYSTEM32\VERSION.dll
0x00007ffd270a0000 - 0x00007ffd270b2000 	C:\Windows\SYSTEM32\UMPDC.dll
0x00007ffd264c0000 - 0x00007ffd264d2000 	C:\Windows\SYSTEM32\kernel.appcore.dll
0x00007ffd22ee0000 - 0x00007ffd22eea000 	C:\Program Files\JetBrains\IntelliJ IDEA Community Edition 2024.1.4\jbr\bin\jimage.dll
0x00007ffd258a0000 - 0x00007ffd25a84000 	C:\Windows\SYSTEM32\DBGHELP.DLL
0x00007ffd0cb40000 - 0x00007ffd0cb74000 	C:\Windows\SYSTEM32\dbgcore.DLL
0x00007ffd285a0000 - 0x00007ffd28622000 	C:\Windows\System32\bcryptPrimitives.dll
0x00007ffd0f4e0000 - 0x00007ffd0f505000 	C:\Program Files\JetBrains\IntelliJ IDEA Community Edition 2024.1.4\jbr\bin\java.dll

dbghelp: loaded successfully - version: 4.0.5 - missing functions: none
symbol engine: initialized successfully - sym options: 0x614 - pdb path: .;C:\Program Files\JetBrains\IntelliJ IDEA Community Edition 2024.1.4\jbr\bin;C:\Windows\SYSTEM32;C:\Windows\WinSxS\amd64_microsoft.windows.common-controls_6595b64144ccf1df_6.0.19041.4355_none_60b8b9eb71f62e16;C:\Program Files\JetBrains\IntelliJ IDEA Community Edition 2024.1.4\jbr\bin\server

VM Arguments:
java_command: git4idea.http.GitAskPassApp Username for 'https://github.com': 
java_class_path (initial): C:/Program Files/JetBrains/IntelliJ IDEA Community Edition 2024.1.4/plugins/vcs-git/lib/git4idea-rt.jar;C:/Program Files/JetBrains/IntelliJ IDEA Community Edition 2024.1.4/lib/externalProcess-rt.jar
Launcher Type: SUN_STANDARD

[Global flags]
     intx CICompilerCount                          = 3                                         {product} {ergonomic}
     uint ConcGCThreads                            = 1                                         {product} {ergonomic}
     uint G1ConcRefinementThreads                  = 4                                         {product} {ergonomic}
   size_t G1HeapRegionSize                         = 1048576                                   {product} {ergonomic}
    uintx GCDrainStackTargetSize                   = 64                                        {product} {ergonomic}
   size_t InitialHeapSize                          = 67108864                                  {product} {ergonomic}
   size_t MarkStackSize                            = 4194304                                   {product} {ergonomic}
   size_t MaxHeapSize                              = 1048576000                                {product} {ergonomic}
   size_t MinHeapDeltaBytes                        = 1048576                                   {product} {ergonomic}
   size_t MinHeapSize                              = 8388608                                   {product} {ergonomic}
    uintx NonNMethodCodeHeapSize                   = 5832780                                {pd product} {ergonomic}
    uintx NonProfiledCodeHeapSize                  = 122912730                              {pd product} {ergonomic}
    uintx ProfiledCodeHeapSize                     = 122912730                              {pd product} {ergonomic}
    uintx ReservedCodeCacheSize                    = 251658240                              {pd product} {ergonomic}
     bool SegmentedCodeCache                       = true                                      {product} {ergonomic}
   size_t SoftMaxHeapSize                          = 1048576000                             {manageable} {ergonomic}
     bool UseCompressedClassPointers               = true                           {product lp64_product} {ergonomic}
     bool UseCompressedOops                        = true                           {product lp64_product} {ergonomic}
     bool UseG1GC                                  = true                                      {product} {ergonomic}
     bool UseLargePagesIndividualAllocation        = false                                  {pd product} {ergonomic}

Logging:
Log output configuration:
 #0: stdout all=warning uptime,level,tags
 #1: stderr all=off uptime,level,tags

Environment Variables:
PATH=C:\Program Files\Git\mingw64\libexec\git-core;C:\Program Files\Git\mingw64\libexec\git-core;C:\Program Files\Git\mingw64\bin;C:\Program Files\Git\usr\bin;C:\Users\Admin\bin;C:\Windows\system32;C:\Windows;C:\Windows\System32\Wbem;C:\Windows\System32\WindowsPowerShell\v1.0;C:\Windows\System32\OpenSSH;C:\Program Files\Git\cmd;C:\Program Files\nodejs;C:\Users\Admin\AppData\Local\Microsoft\WindowsApps;C:\Program Files\JetBrains\IntelliJ IDEA Community Edition 2024.1.4\bin;C:\Users\Admin\AppData\Roaming\npm
USERNAME=Admin
DISPLAY=:0.0
LC_ALL=en_US.UTF-8
TERM=xterm-256color
TMPDIR=C:\Users\Admin\AppData\Local\Temp
OS=Windows_NT
PROCESSOR_IDENTIFIER=Intel64 Family 6 Model 142 Stepping 9, GenuineIntel
TMP=C:\Users\Admin\AppData\Local\Temp
TEMP=C:\Users\Admin\AppData\Local\Temp



Periodic native trim disabled

JNI global refs:
JNI global refs: 0, weak refs: 0

JNI global refs memory usage: 0, weak refs: 0

Process memory usage:
Resident Set Size: 10528K (0% of 4094536K total physical memory with 172228K free physical memory)

OOME stack traces (most recent first):
Classloader memory used:


---------------  S Y S T E M  ---------------

OS:
 Windows 10 , 64 bit Build 19041 (10.0.19041.3636)
OS uptime: 26 days 1:40 hours

CPU: total 4 (initial active 4) (2 cores per cpu, 2 threads per core) family 6 model 142 stepping 9 microcode 0xf4, cx8, cmov, fxsr, ht, mmx, 3dnowpref, sse, sse2, sse3, ssse3, sse4.1, sse4.2, popcnt, lzcnt, tsc, tscinvbit, avx, avx2, aes, erms, clmul, bmi1, bmi2, adx, fma, vzeroupper, clflush, clflushopt
Processor Information for all 4 processors :
  Max Mhz: 2401, Current Mhz: 2401, Mhz Limit: 2401

Memory: 4k page, system-wide physical 3998M (168M free)
TotalPageFile size 16286M (AvailPageFile size 57M)
current process WorkingSet (physical memory assigned to process): 10M, peak: 10M
current process commit charge ("private bytes"): 51M, peak: 115M

vm_info: OpenJDK 64-Bit Server VM (17.0.11+1-b1207.24) for windows-amd64 JRE (17.0.11+1-b1207.24), built on 2024-05-15 by "builduser" with MS VC++ 16.10 / 16.11 (VS2019)

END.
